{"C:\\Users\\shubh\\Desktop\\React-assignment-1\\my-app\\src\\Icons.tsx": {"path":"C:\\Users\\shubh\\Desktop\\React-assignment-1\\my-app\\src\\Icons.tsx","statementMap":{"0":{"start":{"line":4,"column":24},"end":{"line":7,"column":1}},"1":{"start":{"line":9,"column":24},"end":{"line":15,"column":1}},"2":{"start":{"line":17,"column":23},"end":{"line":20,"column":1}},"3":{"start":{"line":22,"column":26},"end":{"line":25,"column":1}},"4":{"start":{"line":27,"column":29},"end":{"line":30,"column":1}},"5":{"start":{"line":32,"column":21},"end":{"line":35,"column":1}},"6":{"start":{"line":37,"column":21},"end":{"line":40,"column":1}},"7":{"start":{"line":42,"column":21},"end":{"line":45,"column":1}},"8":{"start":{"line":47,"column":21},"end":{"line":50,"column":1}},"9":{"start":{"line":52,"column":30},"end":{"line":58,"column":1}},"10":{"start":{"line":60,"column":27},"end":{"line":63,"column":1}},"11":{"start":{"line":65,"column":24},"end":{"line":68,"column":1}}},"fnMap":{},"branchMap":{},"s":{"0":15,"1":15,"2":15,"3":15,"4":15,"5":15,"6":15,"7":15,"8":15,"9":15,"10":15,"11":15},"f":{},"b":{},"_coverageSchema":"1a1c01bbd47fc00a2c39e90264f33305004495a9","hash":"45ad9bb5b82a7e6122e0b3dd764aa81433b0cc54"}
,"C:\\Users\\shubh\\Desktop\\React-assignment-1\\my-app\\src\\components\\atoms\\Buttons\\Buttons.tsx": {"path":"C:\\Users\\shubh\\Desktop\\React-assignment-1\\my-app\\src\\components\\atoms\\Buttons\\Buttons.tsx","statementMap":{"0":{"start":{"line":22,"column":16},"end":{"line":51,"column":1}},"1":{"start":{"line":33,"column":5},"end":{"line":33,"column":10}},"2":{"start":{"line":34,"column":1},"end":{"line":50,"column":3}}},"fnMap":{"0":{"name":"(anonymous_0)","decl":{"start":{"line":22,"column":16},"end":{"line":22,"column":17}},"loc":{"start":{"line":22,"column":34},"end":{"line":51,"column":1}},"line":22}},"branchMap":{},"s":{"0":9,"1":27,"2":27},"f":{"0":27},"b":{},"_coverageSchema":"1a1c01bbd47fc00a2c39e90264f33305004495a9","hash":"2238a400dc21937cda55f02e7e77b6802ff308a0"}
,"C:\\Users\\shubh\\Desktop\\React-assignment-1\\my-app\\src\\components\\atoms\\NavItem\\NavItem.tsx": {"path":"C:\\Users\\shubh\\Desktop\\React-assignment-1\\my-app\\src\\components\\atoms\\NavItem\\NavItem.tsx","statementMap":{"0":{"start":{"line":16,"column":16},"end":{"line":45,"column":1}},"1":{"start":{"line":26,"column":1},"end":{"line":44,"column":3}}},"fnMap":{"0":{"name":"(anonymous_0)","decl":{"start":{"line":16,"column":16},"end":{"line":16,"column":17}},"loc":{"start":{"line":25,"column":13},"end":{"line":45,"column":1}},"line":25}},"branchMap":{},"s":{"0":13,"1":34},"f":{"0":34},"b":{},"_coverageSchema":"1a1c01bbd47fc00a2c39e90264f33305004495a9","hash":"575248473a38ef266c9467a7775e6384c6c12dc6"}
,"C:\\Users\\shubh\\Desktop\\React-assignment-1\\my-app\\src\\components\\molecules\\BookCard\\BookCard.tsx": {"path":"C:\\Users\\shubh\\Desktop\\React-assignment-1\\my-app\\src\\components\\molecules\\BookCard\\BookCard.tsx","statementMap":{"0":{"start":{"line":23,"column":22},"end":{"line":73,"column":1}},"1":{"start":{"line":24,"column":21},"end":{"line":24,"column":51}},"2":{"start":{"line":25,"column":18},"end":{"line":25,"column":31}},"3":{"start":{"line":27,"column":1},"end":{"line":30,"column":37}},"4":{"start":{"line":28,"column":2},"end":{"line":28,"column":66}},"5":{"start":{"line":29,"column":2},"end":{"line":29,"column":36}},"6":{"start":{"line":31,"column":1},"end":{"line":72,"column":3}},"7":{"start":{"line":69,"column":32},"end":{"line":69,"column":50}},"8":{"start":{"line":75,"column":17},"end":{"line":87,"column":1}},"9":{"start":{"line":76,"column":1},"end":{"line":86,"column":3}}},"fnMap":{"0":{"name":"(anonymous_0)","decl":{"start":{"line":23,"column":22},"end":{"line":23,"column":23}},"loc":{"start":{"line":23,"column":57},"end":{"line":73,"column":1}},"line":23},"1":{"name":"(anonymous_1)","decl":{"start":{"line":27,"column":11},"end":{"line":27,"column":12}},"loc":{"start":{"line":27,"column":17},"end":{"line":30,"column":2}},"line":27},"2":{"name":"(anonymous_2)","decl":{"start":{"line":69,"column":26},"end":{"line":69,"column":27}},"loc":{"start":{"line":69,"column":32},"end":{"line":69,"column":50}},"line":69},"3":{"name":"(anonymous_3)","decl":{"start":{"line":75,"column":17},"end":{"line":75,"column":18}},"loc":{"start":{"line":75,"column":60},"end":{"line":87,"column":1}},"line":75}},"branchMap":{"0":{"loc":{"start":{"line":28,"column":2},"end":{"line":28,"column":65}},"type":"binary-expr","locations":[{"start":{"line":28,"column":2},"end":{"line":28,"column":4}},{"start":{"line":28,"column":8},"end":{"line":28,"column":65}}],"line":28},"1":{"loc":{"start":{"line":29,"column":2},"end":{"line":29,"column":35}},"type":"binary-expr","locations":[{"start":{"line":29,"column":2},"end":{"line":29,"column":4}},{"start":{"line":29,"column":8},"end":{"line":29,"column":35}}],"line":29},"2":{"loc":{"start":{"line":57,"column":7},"end":{"line":66,"column":19}},"type":"cond-expr","locations":[{"start":{"line":58,"column":7},"end":{"line":65,"column":13}},{"start":{"line":66,"column":10},"end":{"line":66,"column":19}}],"line":57},"3":{"loc":{"start":{"line":78,"column":4},"end":{"line":84,"column":4}},"type":"cond-expr","locations":[{"start":{"line":79,"column":4},"end":{"line":81,"column":11}},{"start":{"line":83,"column":4},"end":{"line":83,"column":61}}],"line":78}},"s":{"0":6,"1":5,"2":5,"3":5,"4":5,"5":5,"6":5,"7":1,"8":6,"9":4},"f":{"0":5,"1":5,"2":1,"3":4},"b":{"0":[5,1],"1":[5,1],"2":[5,0],"3":[4,0]},"_coverageSchema":"1a1c01bbd47fc00a2c39e90264f33305004495a9","hash":"063f5cd4acd4a198394f439d4840bbac3f1236f3"}
,"C:\\Users\\shubh\\Desktop\\React-assignment-1\\my-app\\src\\components\\molecules\\ButtonsGroup\\ButtonsGroup.tsx": {"path":"C:\\Users\\shubh\\Desktop\\React-assignment-1\\my-app\\src\\components\\molecules\\ButtonsGroup\\ButtonsGroup.tsx","statementMap":{"0":{"start":{"line":6,"column":21},"end":{"line":46,"column":1}},"1":{"start":{"line":7,"column":1},"end":{"line":45,"column":3}}},"fnMap":{"0":{"name":"(anonymous_0)","decl":{"start":{"line":6,"column":21},"end":{"line":6,"column":22}},"loc":{"start":{"line":6,"column":27},"end":{"line":46,"column":1}},"line":6}},"branchMap":{},"s":{"0":4,"1":8},"f":{"0":8},"b":{},"_coverageSchema":"1a1c01bbd47fc00a2c39e90264f33305004495a9","hash":"d8cf999f7a41ab1ab4767357b57e0fce234ddd3c"}
,"C:\\Users\\shubh\\Desktop\\React-assignment-1\\my-app\\src\\components\\molecules\\Lists\\Lists.tsx": {"path":"C:\\Users\\shubh\\Desktop\\React-assignment-1\\my-app\\src\\components\\molecules\\Lists\\Lists.tsx","statementMap":{"0":{"start":{"line":3,"column":14},"end":{"line":100,"column":1}},"1":{"start":{"line":4,"column":1},"end":{"line":99,"column":3}}},"fnMap":{"0":{"name":"(anonymous_0)","decl":{"start":{"line":3,"column":14},"end":{"line":3,"column":15}},"loc":{"start":{"line":3,"column":20},"end":{"line":100,"column":1}},"line":3}},"branchMap":{},"s":{"0":5,"1":8},"f":{"0":8},"b":{},"_coverageSchema":"1a1c01bbd47fc00a2c39e90264f33305004495a9","hash":"2d065561f7321d3e4ce43ac00a9f3d2120b6e10c"}
,"C:\\Users\\shubh\\Desktop\\React-assignment-1\\my-app\\src\\components\\molecules\\LogOutButton\\LogOutButton.tsx": {"path":"C:\\Users\\shubh\\Desktop\\React-assignment-1\\my-app\\src\\components\\molecules\\LogOutButton\\LogOutButton.tsx","statementMap":{"0":{"start":{"line":6,"column":21},"end":{"line":92,"column":1}},"1":{"start":{"line":7,"column":33},"end":{"line":7,"column":73}},"2":{"start":{"line":8,"column":14},"end":{"line":8,"column":31}},"3":{"start":{"line":9,"column":21},"end":{"line":15,"column":2}},"4":{"start":{"line":10,"column":2},"end":{"line":14,"column":3}},"5":{"start":{"line":11,"column":3},"end":{"line":11,"column":36}},"6":{"start":{"line":13,"column":3},"end":{"line":13,"column":17}},"7":{"start":{"line":16,"column":21},"end":{"line":18,"column":2}},"8":{"start":{"line":17,"column":2},"end":{"line":17,"column":20}},"9":{"start":{"line":20,"column":20},"end":{"line":20,"column":30}},"10":{"start":{"line":22,"column":1},"end":{"line":91,"column":3}},"11":{"start":{"line":85,"column":20},"end":{"line":85,"column":64}}},"fnMap":{"0":{"name":"(anonymous_0)","decl":{"start":{"line":6,"column":21},"end":{"line":6,"column":22}},"loc":{"start":{"line":6,"column":27},"end":{"line":92,"column":1}},"line":6},"1":{"name":"(anonymous_1)","decl":{"start":{"line":9,"column":21},"end":{"line":9,"column":22}},"loc":{"start":{"line":9,"column":69},"end":{"line":15,"column":2}},"line":9},"2":{"name":"(anonymous_2)","decl":{"start":{"line":16,"column":21},"end":{"line":16,"column":22}},"loc":{"start":{"line":16,"column":27},"end":{"line":18,"column":2}},"line":16},"3":{"name":"(anonymous_3)","decl":{"start":{"line":85,"column":14},"end":{"line":85,"column":15}},"loc":{"start":{"line":85,"column":20},"end":{"line":85,"column":64}},"line":85}},"branchMap":{"0":{"loc":{"start":{"line":10,"column":2},"end":{"line":14,"column":3}},"type":"if","locations":[{"start":{"line":10,"column":2},"end":{"line":14,"column":3}},{"start":{"line":12,"column":9},"end":{"line":14,"column":3}}],"line":10},"1":{"loc":{"start":{"line":27,"column":19},"end":{"line":27,"column":50}},"type":"cond-expr","locations":[{"start":{"line":27,"column":26},"end":{"line":27,"column":38}},{"start":{"line":27,"column":41},"end":{"line":27,"column":50}}],"line":27},"2":{"loc":{"start":{"line":29,"column":19},"end":{"line":29,"column":44}},"type":"cond-expr","locations":[{"start":{"line":29,"column":26},"end":{"line":29,"column":32}},{"start":{"line":29,"column":35},"end":{"line":29,"column":44}}],"line":29},"3":{"loc":{"start":{"line":41,"column":5},"end":{"line":51,"column":5}},"type":"cond-expr","locations":[{"start":{"line":42,"column":5},"end":{"line":42,"column":49}},{"start":{"line":44,"column":5},"end":{"line":50,"column":7}}],"line":41}},"s":{"0":5,"1":13,"2":9,"3":9,"4":0,"5":0,"6":0,"7":9,"8":0,"9":9,"10":9,"11":0},"f":{"0":13,"1":0,"2":0,"3":0},"b":{"0":[0,0],"1":[0,9],"2":[0,9],"3":[0,9]},"_coverageSchema":"1a1c01bbd47fc00a2c39e90264f33305004495a9","hash":"61e0c76356299e9f6a883e9024f5153c112132df"}
,"C:\\Users\\shubh\\Desktop\\React-assignment-1\\my-app\\src\\components\\molecules\\ReadAgain\\ReadAgain.tsx": {"path":"C:\\Users\\shubh\\Desktop\\React-assignment-1\\my-app\\src\\components\\molecules\\ReadAgain\\ReadAgain.tsx","statementMap":{"0":{"start":{"line":7,"column":18},"end":{"line":18,"column":1}},"1":{"start":{"line":8,"column":1},"end":{"line":17,"column":3}}},"fnMap":{"0":{"name":"(anonymous_0)","decl":{"start":{"line":7,"column":18},"end":{"line":7,"column":19}},"loc":{"start":{"line":7,"column":40},"end":{"line":18,"column":1}},"line":7}},"branchMap":{},"s":{"0":4,"1":3},"f":{"0":3},"b":{},"_coverageSchema":"1a1c01bbd47fc00a2c39e90264f33305004495a9","hash":"f8593c1297b54400583316669696434b0f40b0cc"}
,"C:\\Users\\shubh\\Desktop\\React-assignment-1\\my-app\\src\\components\\molecules\\SearchBar\\SearchBar.tsx": {"path":"C:\\Users\\shubh\\Desktop\\React-assignment-1\\my-app\\src\\components\\molecules\\SearchBar\\SearchBar.tsx","statementMap":{"0":{"start":{"line":4,"column":18},"end":{"line":47,"column":1}},"1":{"start":{"line":5,"column":1},"end":{"line":46,"column":3}}},"fnMap":{"0":{"name":"(anonymous_0)","decl":{"start":{"line":4,"column":18},"end":{"line":4,"column":19}},"loc":{"start":{"line":4,"column":24},"end":{"line":47,"column":1}},"line":4}},"branchMap":{},"s":{"0":2,"1":2},"f":{"0":2},"b":{},"_coverageSchema":"1a1c01bbd47fc00a2c39e90264f33305004495a9","hash":"ae876658c39f78d4925efa8abcef06049f6e06f7"}
,"C:\\Users\\shubh\\Desktop\\React-assignment-1\\my-app\\src\\components\\molecules\\TabsBar\\TabsBar.tsx": {"path":"C:\\Users\\shubh\\Desktop\\React-assignment-1\\my-app\\src\\components\\molecules\\TabsBar\\TabsBar.tsx","statementMap":{"0":{"start":{"line":13,"column":46},"end":{"line":13,"column":51}},"1":{"start":{"line":15,"column":1},"end":{"line":27,"column":3}},"2":{"start":{"line":31,"column":1},"end":{"line":34,"column":3}},"3":{"start":{"line":40,"column":14},"end":{"line":42,"column":1}},"4":{"start":{"line":41,"column":1},"end":{"line":41,"column":64}},"5":{"start":{"line":44,"column":16},"end":{"line":100,"column":1}},"6":{"start":{"line":45,"column":27},"end":{"line":45,"column":38}},"7":{"start":{"line":47,"column":22},"end":{"line":49,"column":2}},"8":{"start":{"line":48,"column":2},"end":{"line":48,"column":21}},"9":{"start":{"line":51,"column":1},"end":{"line":99,"column":3}}},"fnMap":{"0":{"name":"TabPanel","decl":{"start":{"line":12,"column":9},"end":{"line":12,"column":17}},"loc":{"start":{"line":12,"column":40},"end":{"line":28,"column":1}},"line":12},"1":{"name":"a11yProps","decl":{"start":{"line":30,"column":9},"end":{"line":30,"column":18}},"loc":{"start":{"line":30,"column":34},"end":{"line":35,"column":1}},"line":30},"2":{"name":"(anonymous_2)","decl":{"start":{"line":40,"column":14},"end":{"line":40,"column":15}},"loc":{"start":{"line":40,"column":39},"end":{"line":42,"column":1}},"line":40},"3":{"name":"(anonymous_3)","decl":{"start":{"line":44,"column":16},"end":{"line":44,"column":17}},"loc":{"start":{"line":44,"column":22},"end":{"line":100,"column":1}},"line":44},"4":{"name":"(anonymous_4)","decl":{"start":{"line":47,"column":22},"end":{"line":47,"column":23}},"loc":{"start":{"line":47,"column":73},"end":{"line":49,"column":2}},"line":47}},"branchMap":{"0":{"loc":{"start":{"line":23,"column":4},"end":{"line":25,"column":4}},"type":"binary-expr","locations":[{"start":{"line":23,"column":4},"end":{"line":23,"column":19}},{"start":{"line":24,"column":4},"end":{"line":24,"column":59}}],"line":23}},"s":{"0":8,"1":8,"2":8,"3":2,"4":8,"5":2,"6":4,"7":4,"8":0,"9":4},"f":{"0":8,"1":8,"2":8,"3":4,"4":0},"b":{"0":[8,4]},"_coverageSchema":"1a1c01bbd47fc00a2c39e90264f33305004495a9","hash":"3dd9e597c7624ba110cf8dc4e27d0b83f1dee945"}
,"C:\\Users\\shubh\\Desktop\\React-assignment-1\\my-app\\src\\components\\molecules\\TabsMenu\\TabsMenu.tsx": {"path":"C:\\Users\\shubh\\Desktop\\React-assignment-1\\my-app\\src\\components\\molecules\\TabsMenu\\TabsMenu.tsx","statementMap":{"0":{"start":{"line":11,"column":46},"end":{"line":11,"column":51}},"1":{"start":{"line":13,"column":1},"end":{"line":25,"column":3}},"2":{"start":{"line":29,"column":1},"end":{"line":32,"column":3}},"3":{"start":{"line":38,"column":14},"end":{"line":40,"column":1}},"4":{"start":{"line":39,"column":1},"end":{"line":39,"column":60}},"5":{"start":{"line":42,"column":17},"end":{"line":145,"column":1}},"6":{"start":{"line":43,"column":27},"end":{"line":43,"column":44}},"7":{"start":{"line":45,"column":22},"end":{"line":47,"column":2}},"8":{"start":{"line":46,"column":2},"end":{"line":46,"column":21}},"9":{"start":{"line":49,"column":17},"end":{"line":64,"column":2}},"10":{"start":{"line":50,"column":2},"end":{"line":63,"column":4}},"11":{"start":{"line":66,"column":1},"end":{"line":144,"column":3}}},"fnMap":{"0":{"name":"TabPanel","decl":{"start":{"line":10,"column":9},"end":{"line":10,"column":17}},"loc":{"start":{"line":10,"column":40},"end":{"line":26,"column":1}},"line":10},"1":{"name":"a11yProps","decl":{"start":{"line":28,"column":9},"end":{"line":28,"column":18}},"loc":{"start":{"line":28,"column":34},"end":{"line":33,"column":1}},"line":28},"2":{"name":"(anonymous_2)","decl":{"start":{"line":38,"column":14},"end":{"line":38,"column":15}},"loc":{"start":{"line":38,"column":39},"end":{"line":40,"column":1}},"line":38},"3":{"name":"(anonymous_3)","decl":{"start":{"line":42,"column":17},"end":{"line":42,"column":18}},"loc":{"start":{"line":42,"column":23},"end":{"line":145,"column":1}},"line":42},"4":{"name":"(anonymous_4)","decl":{"start":{"line":45,"column":22},"end":{"line":45,"column":23}},"loc":{"start":{"line":45,"column":73},"end":{"line":47,"column":2}},"line":45},"5":{"name":"(anonymous_5)","decl":{"start":{"line":49,"column":17},"end":{"line":49,"column":18}},"loc":{"start":{"line":49,"column":23},"end":{"line":64,"column":2}},"line":49}},"branchMap":{"0":{"loc":{"start":{"line":21,"column":4},"end":{"line":23,"column":4}},"type":"binary-expr","locations":[{"start":{"line":21,"column":4},"end":{"line":21,"column":19}},{"start":{"line":22,"column":4},"end":{"line":22,"column":59}}],"line":21}},"s":{"0":11,"1":9,"2":9,"3":2,"4":9,"5":2,"6":5,"7":3,"8":0,"9":3,"10":9,"11":3},"f":{"0":11,"1":9,"2":9,"3":5,"4":0,"5":9},"b":{"0":[9,3]},"_coverageSchema":"1a1c01bbd47fc00a2c39e90264f33305004495a9","hash":"f394beabefada811a18b51891d8c271e604a4cf2"}
,"C:\\Users\\shubh\\Desktop\\React-assignment-1\\my-app\\src\\components\\organisms\\Banner\\Banner.tsx": {"path":"C:\\Users\\shubh\\Desktop\\React-assignment-1\\my-app\\src\\components\\organisms\\Banner\\Banner.tsx","statementMap":{"0":{"start":{"line":4,"column":15},"end":{"line":39,"column":1}},"1":{"start":{"line":5,"column":1},"end":{"line":38,"column":3}}},"fnMap":{"0":{"name":"(anonymous_0)","decl":{"start":{"line":4,"column":15},"end":{"line":4,"column":16}},"loc":{"start":{"line":4,"column":21},"end":{"line":39,"column":1}},"line":4}},"branchMap":{},"s":{"0":2,"1":4},"f":{"0":4},"b":{},"_coverageSchema":"1a1c01bbd47fc00a2c39e90264f33305004495a9","hash":"761dd11a19ef8f3a61d14de368a9e3b0020f6101"}
,"C:\\Users\\shubh\\Desktop\\React-assignment-1\\my-app\\src\\components\\organisms\\BookDetails\\BookDetails.tsx": {"path":"C:\\Users\\shubh\\Desktop\\React-assignment-1\\my-app\\src\\components\\organisms\\BookDetails\\BookDetails.tsx","statementMap":{"0":{"start":{"line":11,"column":20},"end":{"line":43,"column":1}},"1":{"start":{"line":12,"column":1},"end":{"line":42,"column":3}}},"fnMap":{"0":{"name":"(anonymous_0)","decl":{"start":{"line":11,"column":20},"end":{"line":11,"column":21}},"loc":{"start":{"line":11,"column":45},"end":{"line":43,"column":1}},"line":11}},"branchMap":{},"s":{"0":3,"1":7},"f":{"0":7},"b":{},"_coverageSchema":"1a1c01bbd47fc00a2c39e90264f33305004495a9","hash":"2abd81762deb8c80dcc59d7c7bc8c495472dec5a"}
,"C:\\Users\\shubh\\Desktop\\React-assignment-1\\my-app\\src\\components\\organisms\\BookGrid\\BookGrid.tsx": {"path":"C:\\Users\\shubh\\Desktop\\React-assignment-1\\my-app\\src\\components\\organisms\\BookGrid\\BookGrid.tsx","statementMap":{"0":{"start":{"line":13,"column":17},"end":{"line":52,"column":1}},"1":{"start":{"line":14,"column":18},"end":{"line":14,"column":31}},"2":{"start":{"line":15,"column":19},"end":{"line":15,"column":65}},"3":{"start":{"line":15,"column":53},"end":{"line":15,"column":64}},"4":{"start":{"line":17,"column":1},"end":{"line":19,"column":16}},"5":{"start":{"line":18,"column":2},"end":{"line":18,"column":30}},"6":{"start":{"line":21,"column":1},"end":{"line":51,"column":3}},"7":{"start":{"line":35,"column":6},"end":{"line":39,"column":8}},"8":{"start":{"line":42,"column":36},"end":{"line":42,"column":57}},"9":{"start":{"line":44,"column":7},"end":{"line":48,"column":9}}},"fnMap":{"0":{"name":"(anonymous_0)","decl":{"start":{"line":13,"column":17},"end":{"line":13,"column":18}},"loc":{"start":{"line":13,"column":49},"end":{"line":52,"column":1}},"line":13},"1":{"name":"(anonymous_1)","decl":{"start":{"line":15,"column":31},"end":{"line":15,"column":32}},"loc":{"start":{"line":15,"column":53},"end":{"line":15,"column":64}},"line":15},"2":{"name":"(anonymous_2)","decl":{"start":{"line":17,"column":11},"end":{"line":17,"column":12}},"loc":{"start":{"line":17,"column":17},"end":{"line":19,"column":2}},"line":17},"3":{"name":"(anonymous_3)","decl":{"start":{"line":34,"column":16},"end":{"line":34,"column":17}},"loc":{"start":{"line":34,"column":38},"end":{"line":40,"column":7}},"line":34},"4":{"name":"(anonymous_4)","decl":{"start":{"line":42,"column":14},"end":{"line":42,"column":15}},"loc":{"start":{"line":42,"column":36},"end":{"line":42,"column":57}},"line":42},"5":{"name":"(anonymous_5)","decl":{"start":{"line":43,"column":12},"end":{"line":43,"column":13}},"loc":{"start":{"line":43,"column":34},"end":{"line":49,"column":7}},"line":43}},"branchMap":{"0":{"loc":{"start":{"line":33,"column":4},"end":{"line":49,"column":8}},"type":"cond-expr","locations":[{"start":{"line":34,"column":6},"end":{"line":40,"column":8}},{"start":{"line":41,"column":6},"end":{"line":49,"column":8}}],"line":33}},"s":{"0":5,"1":13,"2":13,"3":18,"4":13,"5":8,"6":13,"7":0,"8":0,"9":0},"f":{"0":13,"1":18,"2":8,"3":0,"4":0,"5":0},"b":{"0":[7,6]},"_coverageSchema":"1a1c01bbd47fc00a2c39e90264f33305004495a9","hash":"962f5af581abc18d8fb357a675083ce42597ce39"}
,"C:\\Users\\shubh\\Desktop\\React-assignment-1\\my-app\\src\\components\\organisms\\BookPage\\BookPage.tsx": {"path":"C:\\Users\\shubh\\Desktop\\React-assignment-1\\my-app\\src\\components\\organisms\\BookPage\\BookPage.tsx","statementMap":{"0":{"start":{"line":8,"column":17},"end":{"line":43,"column":1}},"1":{"start":{"line":9,"column":16},"end":{"line":9,"column":27}},"2":{"start":{"line":10,"column":18},"end":{"line":10,"column":31}},"3":{"start":{"line":11,"column":18},"end":{"line":11,"column":63}},"4":{"start":{"line":11,"column":52},"end":{"line":11,"column":62}},"5":{"start":{"line":13,"column":1},"end":{"line":15,"column":20}},"6":{"start":{"line":14,"column":2},"end":{"line":14,"column":24}},"7":{"start":{"line":17,"column":1},"end":{"line":42,"column":3}}},"fnMap":{"0":{"name":"(anonymous_0)","decl":{"start":{"line":8,"column":17},"end":{"line":8,"column":18}},"loc":{"start":{"line":8,"column":23},"end":{"line":43,"column":1}},"line":8},"1":{"name":"(anonymous_1)","decl":{"start":{"line":11,"column":30},"end":{"line":11,"column":31}},"loc":{"start":{"line":11,"column":52},"end":{"line":11,"column":62}},"line":11},"2":{"name":"(anonymous_2)","decl":{"start":{"line":13,"column":11},"end":{"line":13,"column":12}},"loc":{"start":{"line":13,"column":17},"end":{"line":15,"column":2}},"line":13}},"branchMap":{},"s":{"0":2,"1":5,"2":5,"3":5,"4":7,"5":5,"6":3,"7":5},"f":{"0":5,"1":7,"2":3},"b":{},"_coverageSchema":"1a1c01bbd47fc00a2c39e90264f33305004495a9","hash":"7e30cd67660626280993d15dba922a41243ad271"}
,"C:\\Users\\shubh\\Desktop\\React-assignment-1\\my-app\\src\\components\\organisms\\BooksGroup\\BooksGroup.tsx": {"path":"C:\\Users\\shubh\\Desktop\\React-assignment-1\\my-app\\src\\components\\organisms\\BooksGroup\\BooksGroup.tsx","statementMap":{"0":{"start":{"line":7,"column":17},"end":{"line":16,"column":1}},"1":{"start":{"line":21,"column":19},"end":{"line":41,"column":1}},"2":{"start":{"line":22,"column":1},"end":{"line":40,"column":3}}},"fnMap":{"0":{"name":"(anonymous_0)","decl":{"start":{"line":21,"column":19},"end":{"line":21,"column":20}},"loc":{"start":{"line":21,"column":41},"end":{"line":41,"column":1}},"line":21}},"branchMap":{},"s":{"0":2,"1":2,"2":3},"f":{"0":3},"b":{},"_coverageSchema":"1a1c01bbd47fc00a2c39e90264f33305004495a9","hash":"e7828e9181f16d33e6b9df6d193cbc1a9f4f11fc"}
,"C:\\Users\\shubh\\Desktop\\React-assignment-1\\my-app\\src\\components\\organisms\\DropDown\\DropDown.tsx": {"path":"C:\\Users\\shubh\\Desktop\\React-assignment-1\\my-app\\src\\components\\organisms\\DropDown\\DropDown.tsx","statementMap":{"0":{"start":{"line":21,"column":16},"end":{"line":149,"column":1}},"1":{"start":{"line":22,"column":14},"end":{"line":22,"column":31}},"2":{"start":{"line":23,"column":12},"end":{"line":36,"column":2}},"3":{"start":{"line":37,"column":1},"end":{"line":148,"column":3}},"4":{"start":{"line":132,"column":7},"end":{"line":142,"column":9}},"5":{"start":{"line":155,"column":17},"end":{"line":168,"column":1}},"6":{"start":{"line":156,"column":1},"end":{"line":167,"column":3}}},"fnMap":{"0":{"name":"(anonymous_0)","decl":{"start":{"line":21,"column":16},"end":{"line":21,"column":17}},"loc":{"start":{"line":21,"column":61},"end":{"line":149,"column":1}},"line":21},"1":{"name":"(anonymous_1)","decl":{"start":{"line":131,"column":14},"end":{"line":131,"column":15}},"loc":{"start":{"line":131,"column":31},"end":{"line":143,"column":7}},"line":131},"2":{"name":"(anonymous_2)","decl":{"start":{"line":155,"column":17},"end":{"line":155,"column":18}},"loc":{"start":{"line":155,"column":55},"end":{"line":168,"column":1}},"line":155}},"branchMap":{},"s":{"0":5,"1":2,"2":2,"3":2,"4":6,"5":5,"6":2},"f":{"0":2,"1":6,"2":2},"b":{},"_coverageSchema":"1a1c01bbd47fc00a2c39e90264f33305004495a9","hash":"4830ac7ee257227aff3b08bceec2961e5c1dc794"}
,"C:\\Users\\shubh\\Desktop\\React-assignment-1\\my-app\\src\\components\\organisms\\Footer\\Footer.tsx": {"path":"C:\\Users\\shubh\\Desktop\\React-assignment-1\\my-app\\src\\components\\organisms\\Footer\\Footer.tsx","statementMap":{"0":{"start":{"line":5,"column":17},"end":{"line":22,"column":1}},"1":{"start":{"line":6,"column":1},"end":{"line":21,"column":3}},"2":{"start":{"line":24,"column":15},"end":{"line":69,"column":1}},"3":{"start":{"line":25,"column":1},"end":{"line":68,"column":3}}},"fnMap":{"0":{"name":"(anonymous_0)","decl":{"start":{"line":5,"column":17},"end":{"line":5,"column":18}},"loc":{"start":{"line":5,"column":23},"end":{"line":22,"column":1}},"line":5},"1":{"name":"(anonymous_1)","decl":{"start":{"line":24,"column":15},"end":{"line":24,"column":16}},"loc":{"start":{"line":24,"column":21},"end":{"line":69,"column":1}},"line":24}},"branchMap":{},"s":{"0":4,"1":6,"2":4,"3":6},"f":{"0":6,"1":6},"b":{},"_coverageSchema":"1a1c01bbd47fc00a2c39e90264f33305004495a9","hash":"818ccedf23d0dc8b5027241f3727556b7c6d7cc2"}
,"C:\\Users\\shubh\\Desktop\\React-assignment-1\\my-app\\src\\components\\organisms\\Header\\Header.tsx": {"path":"C:\\Users\\shubh\\Desktop\\React-assignment-1\\my-app\\src\\components\\organisms\\Header\\Header.tsx","statementMap":{"0":{"start":{"line":15,"column":15},"end":{"line":110,"column":1}},"1":{"start":{"line":16,"column":33},"end":{"line":16,"column":67}},"2":{"start":{"line":17,"column":21},"end":{"line":22,"column":2}},"3":{"start":{"line":18,"column":2},"end":{"line":21,"column":3}},"4":{"start":{"line":18,"column":25},"end":{"line":18,"column":58}},"5":{"start":{"line":20,"column":3},"end":{"line":20,"column":17}},"6":{"start":{"line":24,"column":21},"end":{"line":26,"column":2}},"7":{"start":{"line":25,"column":2},"end":{"line":25,"column":20}},"8":{"start":{"line":28,"column":1},"end":{"line":109,"column":3}}},"fnMap":{"0":{"name":"(anonymous_0)","decl":{"start":{"line":15,"column":15},"end":{"line":15,"column":16}},"loc":{"start":{"line":15,"column":21},"end":{"line":110,"column":1}},"line":15},"1":{"name":"(anonymous_1)","decl":{"start":{"line":17,"column":21},"end":{"line":17,"column":22}},"loc":{"start":{"line":17,"column":69},"end":{"line":22,"column":2}},"line":17},"2":{"name":"(anonymous_2)","decl":{"start":{"line":24,"column":21},"end":{"line":24,"column":22}},"loc":{"start":{"line":24,"column":27},"end":{"line":26,"column":2}},"line":24}},"branchMap":{"0":{"loc":{"start":{"line":18,"column":2},"end":{"line":21,"column":3}},"type":"if","locations":[{"start":{"line":18,"column":2},"end":{"line":21,"column":3}},{"start":{"line":19,"column":7},"end":{"line":21,"column":3}}],"line":18},"1":{"loc":{"start":{"line":75,"column":9},"end":{"line":82,"column":9}},"type":"cond-expr","locations":[{"start":{"line":76,"column":9},"end":{"line":79,"column":11}},{"start":{"line":81,"column":9},"end":{"line":81,"column":46}}],"line":75},"2":{"loc":{"start":{"line":106,"column":5},"end":{"line":106,"column":75}},"type":"binary-expr","locations":[{"start":{"line":106,"column":5},"end":{"line":106,"column":13}},{"start":{"line":106,"column":17},"end":{"line":106,"column":75}}],"line":106}},"s":{"0":4,"1":12,"2":8,"3":1,"4":1,"5":0,"6":8,"7":0,"8":8},"f":{"0":12,"1":1,"2":0},"b":{"0":[1,0],"1":[7,1],"2":[8,1]},"_coverageSchema":"1a1c01bbd47fc00a2c39e90264f33305004495a9","hash":"f7f7e20e47382f881a9283a51ca63d1f253feeff"}
,"C:\\Users\\shubh\\Desktop\\React-assignment-1\\my-app\\src\\components\\pages\\BookDetailsPage\\BookDetailsPage.tsx": {"path":"C:\\Users\\shubh\\Desktop\\React-assignment-1\\my-app\\src\\components\\pages\\BookDetailsPage\\BookDetailsPage.tsx","statementMap":{"0":{"start":{"line":5,"column":24},"end":{"line":12,"column":1}},"1":{"start":{"line":6,"column":1},"end":{"line":11,"column":3}}},"fnMap":{"0":{"name":"(anonymous_0)","decl":{"start":{"line":5,"column":24},"end":{"line":5,"column":25}},"loc":{"start":{"line":5,"column":30},"end":{"line":12,"column":1}},"line":5}},"branchMap":{},"s":{"0":1,"1":2},"f":{"0":2},"b":{},"_coverageSchema":"1a1c01bbd47fc00a2c39e90264f33305004495a9","hash":"35701ca759c130ac9314dc9c1c94e62747c4120c"}
,"C:\\Users\\shubh\\Desktop\\React-assignment-1\\my-app\\src\\components\\pages\\LandingPage\\LandingPage.tsx": {"path":"C:\\Users\\shubh\\Desktop\\React-assignment-1\\my-app\\src\\components\\pages\\LandingPage\\LandingPage.tsx","statementMap":{"0":{"start":{"line":7,"column":20},"end":{"line":15,"column":1}},"1":{"start":{"line":8,"column":1},"end":{"line":14,"column":3}}},"fnMap":{"0":{"name":"(anonymous_0)","decl":{"start":{"line":7,"column":20},"end":{"line":7,"column":21}},"loc":{"start":{"line":7,"column":26},"end":{"line":15,"column":1}},"line":7}},"branchMap":{},"s":{"0":1,"1":2},"f":{"0":2},"b":{},"_coverageSchema":"1a1c01bbd47fc00a2c39e90264f33305004495a9","hash":"c5c114300694938be64bd9c3c5c8655b6f5df08b"}
,"C:\\Users\\shubh\\Desktop\\React-assignment-1\\my-app\\src\\components\\pages\\LoginPage\\LoginPage.tsx": {"path":"C:\\Users\\shubh\\Desktop\\React-assignment-1\\my-app\\src\\components\\pages\\LoginPage\\LoginPage.tsx","statementMap":{"0":{"start":{"line":5,"column":18},"end":{"line":45,"column":1}},"1":{"start":{"line":6,"column":31},"end":{"line":6,"column":41}},"2":{"start":{"line":8,"column":1},"end":{"line":44,"column":3}},"3":{"start":{"line":31,"column":19},"end":{"line":31,"column":63}},"4":{"start":{"line":39,"column":19},"end":{"line":39,"column":38}}},"fnMap":{"0":{"name":"(anonymous_0)","decl":{"start":{"line":5,"column":18},"end":{"line":5,"column":19}},"loc":{"start":{"line":5,"column":24},"end":{"line":45,"column":1}},"line":5},"1":{"name":"(anonymous_1)","decl":{"start":{"line":31,"column":13},"end":{"line":31,"column":14}},"loc":{"start":{"line":31,"column":19},"end":{"line":31,"column":63}},"line":31},"2":{"name":"(anonymous_2)","decl":{"start":{"line":39,"column":13},"end":{"line":39,"column":14}},"loc":{"start":{"line":39,"column":19},"end":{"line":39,"column":38}},"line":39}},"branchMap":{},"s":{"0":1,"1":3,"2":3,"3":0,"4":0},"f":{"0":3,"1":0,"2":0},"b":{},"_coverageSchema":"1a1c01bbd47fc00a2c39e90264f33305004495a9","hash":"99e03ffa918bbed86813ec053809642b0552ecbd"}
,"C:\\Users\\shubh\\Desktop\\React-assignment-1\\my-app\\src\\components\\pages\\MyLibrary\\MyLibrary.tsx": {"path":"C:\\Users\\shubh\\Desktop\\React-assignment-1\\my-app\\src\\components\\pages\\MyLibrary\\MyLibrary.tsx","statementMap":{"0":{"start":{"line":5,"column":18},"end":{"line":21,"column":1}},"1":{"start":{"line":6,"column":1},"end":{"line":20,"column":3}}},"fnMap":{"0":{"name":"(anonymous_0)","decl":{"start":{"line":5,"column":18},"end":{"line":5,"column":19}},"loc":{"start":{"line":5,"column":24},"end":{"line":21,"column":1}},"line":5}},"branchMap":{},"s":{"0":1,"1":2},"f":{"0":2},"b":{},"_coverageSchema":"1a1c01bbd47fc00a2c39e90264f33305004495a9","hash":"16be9d99da36f8d8d930b3b5dbfa98d25e459197"}
,"C:\\Users\\shubh\\Desktop\\React-assignment-1\\my-app\\src\\components\\template\\Template.tsx": {"path":"C:\\Users\\shubh\\Desktop\\React-assignment-1\\my-app\\src\\components\\template\\Template.tsx","statementMap":{"0":{"start":{"line":9,"column":17},"end":{"line":17,"column":1}},"1":{"start":{"line":10,"column":1},"end":{"line":16,"column":3}}},"fnMap":{"0":{"name":"(anonymous_0)","decl":{"start":{"line":9,"column":17},"end":{"line":9,"column":18}},"loc":{"start":{"line":9,"column":42},"end":{"line":17,"column":1}},"line":9}},"branchMap":{},"s":{"0":3,"1":3},"f":{"0":3},"b":{},"_coverageSchema":"1a1c01bbd47fc00a2c39e90264f33305004495a9","hash":"80907b258417a5fa73cb46f9f44d9a2efa98d19f"}
,"C:\\Users\\shubh\\Desktop\\React-assignment-1\\my-app\\src\\reducers\\BookReducer.tsx": {"path":"C:\\Users\\shubh\\Desktop\\React-assignment-1\\my-app\\src\\reducers\\BookReducer.tsx","statementMap":{"0":{"start":{"line":5,"column":23},"end":{"line":11,"column":1}},"1":{"start":{"line":8,"column":14},"end":{"line":8,"column":66}},"2":{"start":{"line":9,"column":2},"end":{"line":9,"column":18}},"3":{"start":{"line":13,"column":26},"end":{"line":22,"column":1}},"4":{"start":{"line":16,"column":25},"end":{"line":16,"column":29}},"5":{"start":{"line":17,"column":14},"end":{"line":19,"column":4}},"6":{"start":{"line":20,"column":2},"end":{"line":20,"column":18}},"7":{"start":{"line":29,"column":28},"end":{"line":38,"column":1}},"8":{"start":{"line":40,"column":18},"end":{"line":70,"column":2}},"9":{"start":{"line":45,"column":2},"end":{"line":47,"column":5}},"10":{"start":{"line":46,"column":3},"end":{"line":46,"column":28}},"11":{"start":{"line":48,"column":2},"end":{"line":51,"column":5}},"12":{"start":{"line":49,"column":3},"end":{"line":49,"column":28}},"13":{"start":{"line":50,"column":3},"end":{"line":50,"column":31}},"14":{"start":{"line":53,"column":2},"end":{"line":55,"column":5}},"15":{"start":{"line":54,"column":3},"end":{"line":54,"column":27}},"16":{"start":{"line":57,"column":2},"end":{"line":59,"column":5}},"17":{"start":{"line":58,"column":3},"end":{"line":58,"column":28}},"18":{"start":{"line":61,"column":2},"end":{"line":64,"column":5}},"19":{"start":{"line":62,"column":3},"end":{"line":62,"column":28}},"20":{"start":{"line":63,"column":3},"end":{"line":63,"column":31}},"21":{"start":{"line":66,"column":2},"end":{"line":68,"column":5}},"22":{"start":{"line":67,"column":3},"end":{"line":67,"column":27}}},"fnMap":{"0":{"name":"(anonymous_0)","decl":{"start":{"line":7,"column":1},"end":{"line":7,"column":2}},"loc":{"start":{"line":7,"column":35},"end":{"line":10,"column":2}},"line":7},"1":{"name":"(anonymous_1)","decl":{"start":{"line":15,"column":1},"end":{"line":15,"column":2}},"loc":{"start":{"line":15,"column":73},"end":{"line":21,"column":2}},"line":15},"2":{"name":"(anonymous_2)","decl":{"start":{"line":44,"column":16},"end":{"line":44,"column":17}},"loc":{"start":{"line":44,"column":29},"end":{"line":69,"column":2}},"line":44},"3":{"name":"(anonymous_3)","decl":{"start":{"line":45,"column":35},"end":{"line":45,"column":36}},"loc":{"start":{"line":45,"column":54},"end":{"line":47,"column":3}},"line":45},"4":{"name":"(anonymous_4)","decl":{"start":{"line":48,"column":37},"end":{"line":48,"column":38}},"loc":{"start":{"line":48,"column":56},"end":{"line":51,"column":3}},"line":48},"5":{"name":"(anonymous_5)","decl":{"start":{"line":53,"column":36},"end":{"line":53,"column":37}},"loc":{"start":{"line":53,"column":55},"end":{"line":55,"column":3}},"line":53},"6":{"name":"(anonymous_6)","decl":{"start":{"line":57,"column":38},"end":{"line":57,"column":39}},"loc":{"start":{"line":57,"column":57},"end":{"line":59,"column":3}},"line":57},"7":{"name":"(anonymous_7)","decl":{"start":{"line":61,"column":40},"end":{"line":61,"column":41}},"loc":{"start":{"line":61,"column":59},"end":{"line":64,"column":3}},"line":61},"8":{"name":"(anonymous_8)","decl":{"start":{"line":66,"column":39},"end":{"line":66,"column":40}},"loc":{"start":{"line":66,"column":58},"end":{"line":68,"column":3}},"line":66}},"branchMap":{"0":{"loc":{"start":{"line":18,"column":11},"end":{"line":18,"column":74}},"type":"cond-expr","locations":[{"start":{"line":18,"column":43},"end":{"line":18,"column":53}},{"start":{"line":18,"column":56},"end":{"line":18,"column":74}}],"line":18}},"s":{"0":10,"1":5,"2":1,"3":10,"4":3,"5":3,"6":1,"7":10,"8":10,"9":10,"10":5,"11":10,"12":1,"13":1,"14":10,"15":1,"16":10,"17":3,"18":10,"19":1,"20":1,"21":10,"22":1},"f":{"0":5,"1":3,"2":10,"3":5,"4":1,"5":1,"6":3,"7":1,"8":1},"b":{"0":[0,3]},"_coverageSchema":"1a1c01bbd47fc00a2c39e90264f33305004495a9","hash":"725b480aead90f20eabed566faf233d56660e82b"}
,"C:\\Users\\shubh\\Desktop\\React-assignment-1\\my-app\\src\\reducers\\BooksReducer.tsx": {"path":"C:\\Users\\shubh\\Desktop\\React-assignment-1\\my-app\\src\\reducers\\BooksReducer.tsx","statementMap":{"0":{"start":{"line":5,"column":24},"end":{"line":11,"column":1}},"1":{"start":{"line":8,"column":14},"end":{"line":8,"column":62}},"2":{"start":{"line":9,"column":2},"end":{"line":9,"column":18}},"3":{"start":{"line":18,"column":28},"end":{"line":21,"column":1}},"4":{"start":{"line":23,"column":19},"end":{"line":40,"column":2}},"5":{"start":{"line":28,"column":2},"end":{"line":30,"column":5}},"6":{"start":{"line":29,"column":3},"end":{"line":29,"column":28}},"7":{"start":{"line":31,"column":2},"end":{"line":34,"column":5}},"8":{"start":{"line":32,"column":3},"end":{"line":32,"column":28}},"9":{"start":{"line":33,"column":3},"end":{"line":33,"column":25}},"10":{"start":{"line":36,"column":2},"end":{"line":38,"column":5}},"11":{"start":{"line":37,"column":3},"end":{"line":37,"column":27}}},"fnMap":{"0":{"name":"(anonymous_0)","decl":{"start":{"line":7,"column":1},"end":{"line":7,"column":2}},"loc":{"start":{"line":7,"column":25},"end":{"line":10,"column":2}},"line":7},"1":{"name":"(anonymous_1)","decl":{"start":{"line":27,"column":16},"end":{"line":27,"column":17}},"loc":{"start":{"line":27,"column":29},"end":{"line":39,"column":2}},"line":27},"2":{"name":"(anonymous_2)","decl":{"start":{"line":28,"column":36},"end":{"line":28,"column":37}},"loc":{"start":{"line":28,"column":55},"end":{"line":30,"column":3}},"line":28},"3":{"name":"(anonymous_3)","decl":{"start":{"line":31,"column":38},"end":{"line":31,"column":39}},"loc":{"start":{"line":31,"column":62},"end":{"line":34,"column":3}},"line":31},"4":{"name":"(anonymous_4)","decl":{"start":{"line":36,"column":37},"end":{"line":36,"column":38}},"loc":{"start":{"line":36,"column":56},"end":{"line":38,"column":3}},"line":36}},"branchMap":{},"s":{"0":10,"1":11,"2":1,"3":10,"4":10,"5":10,"6":11,"7":10,"8":1,"9":1,"10":10,"11":1},"f":{"0":11,"1":10,"2":11,"3":1,"4":1},"b":{},"_coverageSchema":"1a1c01bbd47fc00a2c39e90264f33305004495a9","hash":"9121d2048f193568e5e50e870ee83040e2d7fd44"}
,"C:\\Users\\shubh\\Desktop\\React-assignment-1\\my-app\\src\\store\\store.tsx": {"path":"C:\\Users\\shubh\\Desktop\\React-assignment-1\\my-app\\src\\store\\store.tsx","statementMap":{"0":{"start":{"line":5,"column":21},"end":{"line":10,"column":2}}},"fnMap":{},"branchMap":{},"s":{"0":10},"f":{},"b":{},"_coverageSchema":"1a1c01bbd47fc00a2c39e90264f33305004495a9","hash":"4bc261ed79f12db87ad8a2408d60a49876fbc873"}
}
