{"C:\\Users\\shubh\\Desktop\\React-assignment-1\\my-app\\src\\Icons.tsx": {"path":"C:\\Users\\shubh\\Desktop\\React-assignment-1\\my-app\\src\\Icons.tsx","statementMap":{"0":{"start":{"line":4,"column":24},"end":{"line":7,"column":1}},"1":{"start":{"line":9,"column":24},"end":{"line":15,"column":1}},"2":{"start":{"line":17,"column":23},"end":{"line":20,"column":1}},"3":{"start":{"line":22,"column":26},"end":{"line":25,"column":1}},"4":{"start":{"line":27,"column":29},"end":{"line":30,"column":1}},"5":{"start":{"line":32,"column":21},"end":{"line":35,"column":1}},"6":{"start":{"line":37,"column":21},"end":{"line":40,"column":1}},"7":{"start":{"line":42,"column":21},"end":{"line":45,"column":1}},"8":{"start":{"line":47,"column":21},"end":{"line":50,"column":1}},"9":{"start":{"line":52,"column":30},"end":{"line":58,"column":1}},"10":{"start":{"line":60,"column":27},"end":{"line":63,"column":1}},"11":{"start":{"line":65,"column":24},"end":{"line":68,"column":1}}},"fnMap":{},"branchMap":{},"s":{"0":2,"1":2,"2":2,"3":2,"4":2,"5":2,"6":2,"7":2,"8":2,"9":2,"10":2,"11":2},"f":{},"b":{},"_coverageSchema":"1a1c01bbd47fc00a2c39e90264f33305004495a9","hash":"45ad9bb5b82a7e6122e0b3dd764aa81433b0cc54"}
,"C:\\Users\\shubh\\Desktop\\React-assignment-1\\my-app\\src\\components\\atoms\\Buttons\\Buttons.tsx": {"path":"C:\\Users\\shubh\\Desktop\\React-assignment-1\\my-app\\src\\components\\atoms\\Buttons\\Buttons.tsx","statementMap":{"0":{"start":{"line":22,"column":16},"end":{"line":52,"column":1}},"1":{"start":{"line":34,"column":5},"end":{"line":34,"column":10}},"2":{"start":{"line":35,"column":1},"end":{"line":51,"column":3}}},"fnMap":{"0":{"name":"(anonymous_0)","decl":{"start":{"line":22,"column":16},"end":{"line":22,"column":17}},"loc":{"start":{"line":22,"column":34},"end":{"line":52,"column":1}},"line":22}},"branchMap":{},"s":{"0":1,"1":1,"2":1},"f":{"0":1},"b":{},"_coverageSchema":"1a1c01bbd47fc00a2c39e90264f33305004495a9","hash":"f17d44e9b6d513fc1dbfe8f36e6c8939d5bef507"}
,"C:\\Users\\shubh\\Desktop\\React-assignment-1\\my-app\\src\\components\\atoms\\NavItem\\NavItem.tsx": {"path":"C:\\Users\\shubh\\Desktop\\React-assignment-1\\my-app\\src\\components\\atoms\\NavItem\\NavItem.tsx","statementMap":{"0":{"start":{"line":16,"column":16},"end":{"line":45,"column":1}},"1":{"start":{"line":26,"column":1},"end":{"line":44,"column":3}}},"fnMap":{"0":{"name":"(anonymous_0)","decl":{"start":{"line":16,"column":16},"end":{"line":16,"column":17}},"loc":{"start":{"line":25,"column":13},"end":{"line":45,"column":1}},"line":25}},"branchMap":{},"s":{"0":3,"1":4},"f":{"0":4},"b":{},"_coverageSchema":"1a1c01bbd47fc00a2c39e90264f33305004495a9","hash":"575248473a38ef266c9467a7775e6384c6c12dc6"}
,"C:\\Users\\shubh\\Desktop\\React-assignment-1\\my-app\\src\\components\\molecules\\Lists\\Lists.tsx": {"path":"C:\\Users\\shubh\\Desktop\\React-assignment-1\\my-app\\src\\components\\molecules\\Lists\\Lists.tsx","statementMap":{"0":{"start":{"line":3,"column":14},"end":{"line":100,"column":1}},"1":{"start":{"line":4,"column":1},"end":{"line":99,"column":3}}},"fnMap":{"0":{"name":"(anonymous_0)","decl":{"start":{"line":3,"column":14},"end":{"line":3,"column":15}},"loc":{"start":{"line":3,"column":20},"end":{"line":100,"column":1}},"line":3}},"branchMap":{},"s":{"0":1,"1":3},"f":{"0":3},"b":{},"_coverageSchema":"1a1c01bbd47fc00a2c39e90264f33305004495a9","hash":"2d065561f7321d3e4ce43ac00a9f3d2120b6e10c"}
,"C:\\Users\\shubh\\Desktop\\React-assignment-1\\my-app\\src\\components\\organisms\\Banner\\Banner.tsx": {"path":"C:\\Users\\shubh\\Desktop\\React-assignment-1\\my-app\\src\\components\\organisms\\Banner\\Banner.tsx","statementMap":{"0":{"start":{"line":4,"column":15},"end":{"line":39,"column":1}},"1":{"start":{"line":5,"column":1},"end":{"line":38,"column":3}}},"fnMap":{"0":{"name":"(anonymous_0)","decl":{"start":{"line":4,"column":15},"end":{"line":4,"column":16}},"loc":{"start":{"line":4,"column":21},"end":{"line":39,"column":1}},"line":4}},"branchMap":{},"s":{"0":1,"1":3},"f":{"0":3},"b":{},"_coverageSchema":"1a1c01bbd47fc00a2c39e90264f33305004495a9","hash":"761dd11a19ef8f3a61d14de368a9e3b0020f6101"}
,"C:\\Users\\shubh\\Desktop\\React-assignment-1\\my-app\\src\\components\\organisms\\DropDown\\DropDown.tsx": {"path":"C:\\Users\\shubh\\Desktop\\React-assignment-1\\my-app\\src\\components\\organisms\\DropDown\\DropDown.tsx","statementMap":{"0":{"start":{"line":21,"column":16},"end":{"line":149,"column":1}},"1":{"start":{"line":22,"column":14},"end":{"line":22,"column":31}},"2":{"start":{"line":23,"column":12},"end":{"line":36,"column":2}},"3":{"start":{"line":37,"column":1},"end":{"line":148,"column":3}},"4":{"start":{"line":132,"column":7},"end":{"line":142,"column":9}},"5":{"start":{"line":155,"column":17},"end":{"line":168,"column":1}},"6":{"start":{"line":156,"column":1},"end":{"line":167,"column":3}}},"fnMap":{"0":{"name":"(anonymous_0)","decl":{"start":{"line":21,"column":16},"end":{"line":21,"column":17}},"loc":{"start":{"line":21,"column":61},"end":{"line":149,"column":1}},"line":21},"1":{"name":"(anonymous_1)","decl":{"start":{"line":131,"column":14},"end":{"line":131,"column":15}},"loc":{"start":{"line":131,"column":31},"end":{"line":143,"column":7}},"line":131},"2":{"name":"(anonymous_2)","decl":{"start":{"line":155,"column":17},"end":{"line":155,"column":18}},"loc":{"start":{"line":155,"column":55},"end":{"line":168,"column":1}},"line":155}},"branchMap":{},"s":{"0":1,"1":0,"2":0,"3":0,"4":0,"5":1,"6":0},"f":{"0":0,"1":0,"2":0},"b":{},"_coverageSchema":"1a1c01bbd47fc00a2c39e90264f33305004495a9","hash":"4830ac7ee257227aff3b08bceec2961e5c1dc794"}
,"C:\\Users\\shubh\\Desktop\\React-assignment-1\\my-app\\src\\components\\organisms\\Footer\\Footer.tsx": {"path":"C:\\Users\\shubh\\Desktop\\React-assignment-1\\my-app\\src\\components\\organisms\\Footer\\Footer.tsx","statementMap":{"0":{"start":{"line":5,"column":17},"end":{"line":22,"column":1}},"1":{"start":{"line":6,"column":1},"end":{"line":21,"column":3}},"2":{"start":{"line":24,"column":15},"end":{"line":69,"column":1}},"3":{"start":{"line":25,"column":1},"end":{"line":68,"column":3}}},"fnMap":{"0":{"name":"(anonymous_0)","decl":{"start":{"line":5,"column":17},"end":{"line":5,"column":18}},"loc":{"start":{"line":5,"column":23},"end":{"line":22,"column":1}},"line":5},"1":{"name":"(anonymous_1)","decl":{"start":{"line":24,"column":15},"end":{"line":24,"column":16}},"loc":{"start":{"line":24,"column":21},"end":{"line":69,"column":1}},"line":24}},"branchMap":{},"s":{"0":1,"1":3,"2":1,"3":3},"f":{"0":3,"1":3},"b":{},"_coverageSchema":"1a1c01bbd47fc00a2c39e90264f33305004495a9","hash":"818ccedf23d0dc8b5027241f3727556b7c6d7cc2"}
,"C:\\Users\\shubh\\Desktop\\React-assignment-1\\my-app\\src\\components\\organisms\\Header\\Header.tsx": {"path":"C:\\Users\\shubh\\Desktop\\React-assignment-1\\my-app\\src\\components\\organisms\\Header\\Header.tsx","statementMap":{"0":{"start":{"line":16,"column":15},"end":{"line":125,"column":1}},"1":{"start":{"line":17,"column":33},"end":{"line":17,"column":67}},"2":{"start":{"line":18,"column":21},"end":{"line":23,"column":2}},"3":{"start":{"line":19,"column":2},"end":{"line":22,"column":3}},"4":{"start":{"line":19,"column":25},"end":{"line":19,"column":58}},"5":{"start":{"line":21,"column":3},"end":{"line":21,"column":17}},"6":{"start":{"line":25,"column":21},"end":{"line":27,"column":2}},"7":{"start":{"line":26,"column":2},"end":{"line":26,"column":20}},"8":{"start":{"line":29,"column":1},"end":{"line":124,"column":3}}},"fnMap":{"0":{"name":"(anonymous_0)","decl":{"start":{"line":16,"column":15},"end":{"line":16,"column":16}},"loc":{"start":{"line":16,"column":21},"end":{"line":125,"column":1}},"line":16},"1":{"name":"(anonymous_1)","decl":{"start":{"line":18,"column":21},"end":{"line":18,"column":22}},"loc":{"start":{"line":18,"column":69},"end":{"line":23,"column":2}},"line":18},"2":{"name":"(anonymous_2)","decl":{"start":{"line":25,"column":21},"end":{"line":25,"column":22}},"loc":{"start":{"line":25,"column":27},"end":{"line":27,"column":2}},"line":25}},"branchMap":{"0":{"loc":{"start":{"line":19,"column":2},"end":{"line":22,"column":3}},"type":"if","locations":[{"start":{"line":19,"column":2},"end":{"line":22,"column":3}},{"start":{"line":20,"column":7},"end":{"line":22,"column":3}}],"line":19},"1":{"loc":{"start":{"line":76,"column":9},"end":{"line":82,"column":9}},"type":"cond-expr","locations":[{"start":{"line":77,"column":9},"end":{"line":79,"column":11}},{"start":{"line":81,"column":9},"end":{"line":81,"column":24}}],"line":76},"2":{"loc":{"start":{"line":121,"column":5},"end":{"line":121,"column":75}},"type":"binary-expr","locations":[{"start":{"line":121,"column":5},"end":{"line":121,"column":13}},{"start":{"line":121,"column":17},"end":{"line":121,"column":75}}],"line":121}},"s":{"0":1,"1":2,"2":2,"3":0,"4":0,"5":0,"6":2,"7":0,"8":2},"f":{"0":2,"1":0,"2":0},"b":{"0":[0,0],"1":[2,0],"2":[2,0]},"_coverageSchema":"1a1c01bbd47fc00a2c39e90264f33305004495a9","hash":"52e90c82e16bd76ca23adbdcfa5f5002c9ad0b20"}
}
