TN:
SF:src\Icons.tsx
FNF:0
FNH:0
DA:4,2
DA:9,2
DA:17,2
DA:22,2
DA:27,2
DA:32,2
DA:37,2
DA:42,2
DA:47,2
DA:52,2
DA:60,2
DA:65,2
LF:12
LH:12
BRF:0
BRH:0
end_of_record
TN:
SF:src\components\atoms\Buttons\Buttons.tsx
FN:22,(anonymous_0)
FNF:1
FNH:1
FNDA:1,(anonymous_0)
DA:22,1
DA:34,1
DA:35,1
LF:3
LH:3
BRF:0
BRH:0
end_of_record
TN:
SF:src\components\atoms\NavItem\NavItem.tsx
FN:16,(anonymous_0)
FNF:1
FNH:1
FNDA:4,(anonymous_0)
DA:16,3
DA:26,4
LF:2
LH:2
BRF:0
BRH:0
end_of_record
TN:
SF:src\components\molecules\Lists\Lists.tsx
FN:3,(anonymous_0)
FNF:1
FNH:1
FNDA:3,(anonymous_0)
DA:3,1
DA:4,3
LF:2
LH:2
BRF:0
BRH:0
end_of_record
TN:
SF:src\components\organisms\Banner\Banner.tsx
FN:4,(anonymous_0)
FNF:1
FNH:1
FNDA:3,(anonymous_0)
DA:4,1
DA:5,3
LF:2
LH:2
BRF:0
BRH:0
end_of_record
TN:
SF:src\components\organisms\DropDown\DropDown.tsx
FN:21,(anonymous_0)
FN:131,(anonymous_1)
FN:155,(anonymous_2)
FNF:3
FNH:0
FNDA:0,(anonymous_0)
FNDA:0,(anonymous_1)
FNDA:0,(anonymous_2)
DA:21,1
DA:22,0
DA:23,0
DA:37,0
DA:132,0
DA:155,1
DA:156,0
LF:7
LH:2
BRF:0
BRH:0
end_of_record
TN:
SF:src\components\organisms\Footer\Footer.tsx
FN:5,(anonymous_0)
FN:24,(anonymous_1)
FNF:2
FNH:2
FNDA:3,(anonymous_0)
FNDA:3,(anonymous_1)
DA:5,1
DA:6,3
DA:24,1
DA:25,3
LF:4
LH:4
BRF:0
BRH:0
end_of_record
TN:
SF:src\components\organisms\Header\Header.tsx
FN:16,(anonymous_0)
FN:18,(anonymous_1)
FN:25,(anonymous_2)
FNF:3
FNH:1
FNDA:2,(anonymous_0)
FNDA:0,(anonymous_1)
FNDA:0,(anonymous_2)
DA:16,1
DA:17,2
DA:18,2
DA:19,0
DA:21,0
DA:25,2
DA:26,0
DA:29,2
LF:8
LH:5
BRDA:19,0,0,0
BRDA:19,0,1,0
BRDA:76,1,0,2
BRDA:76,1,1,0
BRDA:121,2,0,2
BRDA:121,2,1,0
BRF:6
BRH:2
end_of_record
