TN:
SF:src\Icons.tsx
FNF:0
FNH:0
DA:4,15
DA:9,15
DA:17,15
DA:22,15
DA:27,15
DA:32,15
DA:37,15
DA:42,15
DA:47,15
DA:52,15
DA:60,15
DA:65,15
LF:12
LH:12
BRF:0
BRH:0
end_of_record
TN:
SF:src\components\atoms\Buttons\Buttons.tsx
FN:22,(anonymous_0)
FNF:1
FNH:1
FNDA:27,(anonymous_0)
DA:22,9
DA:34,27
DA:35,27
LF:3
LH:3
BRF:0
BRH:0
end_of_record
TN:
SF:src\components\atoms\NavItem\NavItem.tsx
FN:16,(anonymous_0)
FNF:1
FNH:1
FNDA:34,(anonymous_0)
DA:16,13
DA:26,34
LF:2
LH:2
BRF:0
BRH:0
end_of_record
TN:
SF:src\components\molecules\BookCard\BookCard.tsx
FN:23,(anonymous_0)
FN:27,(anonymous_1)
FN:69,(anonymous_2)
FN:75,(anonymous_3)
FNF:4
FNH:4
FNDA:5,(anonymous_0)
FNDA:5,(anonymous_1)
FNDA:1,(anonymous_2)
FNDA:4,(anonymous_3)
DA:23,6
DA:24,5
DA:25,5
DA:27,5
DA:28,5
DA:29,5
DA:31,5
DA:69,1
DA:75,6
DA:76,4
LF:10
LH:10
BRDA:28,0,0,5
BRDA:28,0,1,1
BRDA:29,1,0,5
BRDA:29,1,1,1
BRDA:57,2,0,5
BRDA:57,2,1,0
BRDA:78,3,0,4
BRDA:78,3,1,0
BRF:8
BRH:6
end_of_record
TN:
SF:src\components\molecules\ButtonsGroup\ButtonsGroup.tsx
FN:6,(anonymous_0)
FNF:1
FNH:1
FNDA:8,(anonymous_0)
DA:6,4
DA:7,8
LF:2
LH:2
BRF:0
BRH:0
end_of_record
TN:
SF:src\components\molecules\Lists\Lists.tsx
FN:3,(anonymous_0)
FNF:1
FNH:1
FNDA:8,(anonymous_0)
DA:3,5
DA:4,8
LF:2
LH:2
BRF:0
BRH:0
end_of_record
TN:
SF:src\components\molecules\LogOutButton\LogOutButton.tsx
FN:6,(anonymous_0)
FN:9,(anonymous_1)
FN:16,(anonymous_2)
FN:85,(anonymous_3)
FNF:4
FNH:1
FNDA:13,(anonymous_0)
FNDA:0,(anonymous_1)
FNDA:0,(anonymous_2)
FNDA:0,(anonymous_3)
DA:6,5
DA:7,13
DA:8,9
DA:9,9
DA:10,0
DA:11,0
DA:13,0
DA:16,9
DA:17,0
DA:20,9
DA:22,9
DA:85,0
LF:12
LH:7
BRDA:10,0,0,0
BRDA:10,0,1,0
BRDA:27,1,0,0
BRDA:27,1,1,9
BRDA:29,2,0,0
BRDA:29,2,1,9
BRDA:41,3,0,0
BRDA:41,3,1,9
BRF:8
BRH:3
end_of_record
TN:
SF:src\components\molecules\ReadAgain\ReadAgain.tsx
FN:7,(anonymous_0)
FNF:1
FNH:1
FNDA:3,(anonymous_0)
DA:7,4
DA:8,3
LF:2
LH:2
BRF:0
BRH:0
end_of_record
TN:
SF:src\components\molecules\SearchBar\SearchBar.tsx
FN:4,(anonymous_0)
FNF:1
FNH:1
FNDA:2,(anonymous_0)
DA:4,2
DA:5,2
LF:2
LH:2
BRF:0
BRH:0
end_of_record
TN:
SF:src\components\molecules\TabsBar\TabsBar.tsx
FN:12,TabPanel
FN:30,a11yProps
FN:40,(anonymous_2)
FN:44,(anonymous_3)
FN:47,(anonymous_4)
FNF:5
FNH:4
FNDA:8,TabPanel
FNDA:8,a11yProps
FNDA:8,(anonymous_2)
FNDA:4,(anonymous_3)
FNDA:0,(anonymous_4)
DA:13,8
DA:15,8
DA:31,8
DA:40,2
DA:41,8
DA:44,2
DA:45,4
DA:47,4
DA:48,0
DA:51,4
LF:10
LH:9
BRDA:23,0,0,8
BRDA:23,0,1,4
BRF:2
BRH:2
end_of_record
TN:
SF:src\components\molecules\TabsMenu\TabsMenu.tsx
FN:10,TabPanel
FN:28,a11yProps
FN:38,(anonymous_2)
FN:42,(anonymous_3)
FN:45,(anonymous_4)
FN:49,(anonymous_5)
FNF:6
FNH:5
FNDA:11,TabPanel
FNDA:9,a11yProps
FNDA:9,(anonymous_2)
FNDA:5,(anonymous_3)
FNDA:0,(anonymous_4)
FNDA:9,(anonymous_5)
DA:11,11
DA:13,9
DA:29,9
DA:38,2
DA:39,9
DA:42,2
DA:43,5
DA:45,3
DA:46,0
DA:49,3
DA:50,9
DA:66,3
LF:12
LH:11
BRDA:21,0,0,9
BRDA:21,0,1,3
BRF:2
BRH:2
end_of_record
TN:
SF:src\components\organisms\Banner\Banner.tsx
FN:4,(anonymous_0)
FNF:1
FNH:1
FNDA:4,(anonymous_0)
DA:4,2
DA:5,4
LF:2
LH:2
BRF:0
BRH:0
end_of_record
TN:
SF:src\components\organisms\BookDetails\BookDetails.tsx
FN:11,(anonymous_0)
FNF:1
FNH:1
FNDA:7,(anonymous_0)
DA:11,3
DA:12,7
LF:2
LH:2
BRF:0
BRH:0
end_of_record
TN:
SF:src\components\organisms\BookGrid\BookGrid.tsx
FN:13,(anonymous_0)
FN:15,(anonymous_1)
FN:17,(anonymous_2)
FN:34,(anonymous_3)
FN:42,(anonymous_4)
FN:43,(anonymous_5)
FNF:6
FNH:3
FNDA:13,(anonymous_0)
FNDA:18,(anonymous_1)
FNDA:8,(anonymous_2)
FNDA:0,(anonymous_3)
FNDA:0,(anonymous_4)
FNDA:0,(anonymous_5)
DA:13,5
DA:14,13
DA:15,18
DA:17,13
DA:18,8
DA:21,13
DA:35,0
DA:42,0
DA:44,0
LF:9
LH:6
BRDA:33,0,0,7
BRDA:33,0,1,6
BRF:2
BRH:2
end_of_record
TN:
SF:src\components\organisms\BookPage\BookPage.tsx
FN:8,(anonymous_0)
FN:11,(anonymous_1)
FN:13,(anonymous_2)
FNF:3
FNH:3
FNDA:5,(anonymous_0)
FNDA:7,(anonymous_1)
FNDA:3,(anonymous_2)
DA:8,2
DA:9,5
DA:10,5
DA:11,7
DA:13,5
DA:14,3
DA:17,5
LF:7
LH:7
BRF:0
BRH:0
end_of_record
TN:
SF:src\components\organisms\BooksGroup\BooksGroup.tsx
FN:21,(anonymous_0)
FNF:1
FNH:1
FNDA:3,(anonymous_0)
DA:7,2
DA:21,2
DA:22,3
LF:3
LH:3
BRF:0
BRH:0
end_of_record
TN:
SF:src\components\organisms\DropDown\DropDown.tsx
FN:21,(anonymous_0)
FN:131,(anonymous_1)
FN:155,(anonymous_2)
FNF:3
FNH:3
FNDA:2,(anonymous_0)
FNDA:6,(anonymous_1)
FNDA:2,(anonymous_2)
DA:21,5
DA:22,2
DA:23,2
DA:37,2
DA:132,6
DA:155,5
DA:156,2
LF:7
LH:7
BRF:0
BRH:0
end_of_record
TN:
SF:src\components\organisms\Footer\Footer.tsx
FN:5,(anonymous_0)
FN:24,(anonymous_1)
FNF:2
FNH:2
FNDA:6,(anonymous_0)
FNDA:6,(anonymous_1)
DA:5,4
DA:6,6
DA:24,4
DA:25,6
LF:4
LH:4
BRF:0
BRH:0
end_of_record
TN:
SF:src\components\organisms\Header\Header.tsx
FN:15,(anonymous_0)
FN:17,(anonymous_1)
FN:24,(anonymous_2)
FNF:3
FNH:2
FNDA:12,(anonymous_0)
FNDA:1,(anonymous_1)
FNDA:0,(anonymous_2)
DA:15,4
DA:16,12
DA:17,8
DA:18,1
DA:20,0
DA:24,8
DA:25,0
DA:28,8
LF:8
LH:6
BRDA:18,0,0,1
BRDA:18,0,1,0
BRDA:75,1,0,7
BRDA:75,1,1,1
BRDA:106,2,0,8
BRDA:106,2,1,1
BRF:6
BRH:5
end_of_record
TN:
SF:src\components\pages\BookDetailsPage\BookDetailsPage.tsx
FN:5,(anonymous_0)
FNF:1
FNH:1
FNDA:2,(anonymous_0)
DA:5,1
DA:6,2
LF:2
LH:2
BRF:0
BRH:0
end_of_record
TN:
SF:src\components\pages\LandingPage\LandingPage.tsx
FN:7,(anonymous_0)
FNF:1
FNH:1
FNDA:2,(anonymous_0)
DA:7,1
DA:8,2
LF:2
LH:2
BRF:0
BRH:0
end_of_record
TN:
SF:src\components\pages\LoginPage\LoginPage.tsx
FN:5,(anonymous_0)
FN:31,(anonymous_1)
FN:39,(anonymous_2)
FNF:3
FNH:1
FNDA:3,(anonymous_0)
FNDA:0,(anonymous_1)
FNDA:0,(anonymous_2)
DA:5,1
DA:6,3
DA:8,3
DA:31,0
DA:39,0
LF:5
LH:3
BRF:0
BRH:0
end_of_record
TN:
SF:src\components\pages\MyLibrary\MyLibrary.tsx
FN:5,(anonymous_0)
FNF:1
FNH:1
FNDA:2,(anonymous_0)
DA:5,1
DA:6,2
LF:2
LH:2
BRF:0
BRH:0
end_of_record
TN:
SF:src\components\template\Template.tsx
FN:9,(anonymous_0)
FNF:1
FNH:1
FNDA:3,(anonymous_0)
DA:9,3
DA:10,3
LF:2
LH:2
BRF:0
BRH:0
end_of_record
TN:
SF:src\reducers\BookReducer.tsx
FN:7,(anonymous_0)
FN:15,(anonymous_1)
FN:44,(anonymous_2)
FN:45,(anonymous_3)
FN:48,(anonymous_4)
FN:53,(anonymous_5)
FN:57,(anonymous_6)
FN:61,(anonymous_7)
FN:66,(anonymous_8)
FNF:9
FNH:9
FNDA:5,(anonymous_0)
FNDA:3,(anonymous_1)
FNDA:10,(anonymous_2)
FNDA:5,(anonymous_3)
FNDA:1,(anonymous_4)
FNDA:1,(anonymous_5)
FNDA:3,(anonymous_6)
FNDA:1,(anonymous_7)
FNDA:1,(anonymous_8)
DA:5,10
DA:8,5
DA:9,1
DA:13,10
DA:16,3
DA:17,3
DA:20,1
DA:29,10
DA:40,10
DA:45,10
DA:46,5
DA:48,10
DA:49,1
DA:50,1
DA:53,10
DA:54,1
DA:57,10
DA:58,3
DA:61,10
DA:62,1
DA:63,1
DA:66,10
DA:67,1
LF:23
LH:23
BRDA:18,0,0,0
BRDA:18,0,1,3
BRF:2
BRH:1
end_of_record
TN:
SF:src\reducers\BooksReducer.tsx
FN:7,(anonymous_0)
FN:27,(anonymous_1)
FN:28,(anonymous_2)
FN:31,(anonymous_3)
FN:36,(anonymous_4)
FNF:5
FNH:5
FNDA:11,(anonymous_0)
FNDA:10,(anonymous_1)
FNDA:11,(anonymous_2)
FNDA:1,(anonymous_3)
FNDA:1,(anonymous_4)
DA:5,10
DA:8,11
DA:9,1
DA:18,10
DA:23,10
DA:28,10
DA:29,11
DA:31,10
DA:32,1
DA:33,1
DA:36,10
DA:37,1
LF:12
LH:12
BRF:0
BRH:0
end_of_record
TN:
SF:src\store\store.tsx
FNF:0
FNH:0
DA:5,10
LF:1
LH:1
BRF:0
BRH:0
end_of_record
